<?xml version="1.0" encoding="UTF-8"?>
<beans xmlns="http://www.springframework.org/schema/beans" xmlns:xsi="http://www.w3.org/2001/XMLSchema-instance"
	xmlns:context="http://www.springframework.org/schema/context" xmlns:mvc="http://www.springframework.org/schema/mvc"
	xmlns:util="http://www.springframework.org/schema/util"
	xsi:schemaLocation="http://www.springframework.org/schema/mvc http://www.springframework.org/schema/mvc/spring-mvc.xsd
		http://www.springframework.org/schema/beans http://www.springframework.org/schema/beans/spring-beans.xsd
		http://www.springframework.org/schema/context http://www.springframework.org/schema/context/spring-context.xsd
		http://www.springframework.org/schema/util http://www.springframework.org/schema/util/spring-util-4.0.xsd">

    <bean id="messageSource" class="org.springframework.context.support.ResourceBundleMessageSource">
        <property name="basenames">
            <list>
                <value>messages</value>
                <value>validationMessages</value>
            </list>
        </property>
    </bean>

    <!-- Platform dependent Configuration -->
    <context:property-placeholder location="classpath:*.properties"/>

    <!-- Root Context: defines shared resources visible to all other web components -->
    <context:component-scan base-package="de.rehpoehler" />

    <import resource="classpath:spring/spring-persistence-test.xml" />
    <import resource="classpath:spring/spring-mvc.xml" />
    <import resource="classpath:spring/spring-security.xml" />
    <import resource="classpath:spring/spring-components-test.xml" />
    
</beans>
